{"numTotalTestSuites":12,"numPassedTestSuites":12,"numFailedTestSuites":0,"numPendingTestSuites":0,"numTotalTests":24,"numPassedTests":24,"numFailedTests":0,"numPendingTests":0,"numTodoTests":0,"snapshot":{"added":0,"failure":false,"filesAdded":0,"filesRemoved":0,"filesRemovedList":[],"filesUnmatched":0,"filesUpdated":0,"matched":0,"total":0,"unchecked":0,"uncheckedKeysByFile":[],"unmatched":0,"updated":0,"didUpdate":false},"startTime":1772897535508,"success":true,"testResults":[{"assertionResults":[{"ancestorTitles":["LoginForm"],"fullName":"LoginForm renders email and password inputs","status":"passed","title":"renders email and password inputs","duration":193.7399170000001,"failureMessages":[],"meta":{}},{"ancestorTitles":["LoginForm"],"fullName":"LoginForm shows validation errors for invalid inputs","status":"passed","title":"shows validation errors for invalid inputs","duration":55.846416999999974,"failureMessages":[],"meta":{}},{"ancestorTitles":["LoginForm"],"fullName":"LoginForm submits form with valid credentials","status":"passed","title":"submits form with valid credentials","duration":130.83729100000005,"failureMessages":[],"meta":{}}],"startTime":1772897537047,"endTime":1772897537426.8374,"status":"passed","message":"","name":"/Users/master/Documents/Outskill Projects/legal-aid-app/frontend/src/features/auth/components/LoginForm.test.tsx"},{"assertionResults":[{"ancestorTitles":["DocumentList"],"fullName":"DocumentList shows loading state initially","status":"passed","title":"shows loading state initially","duration":66.85424999999987,"failureMessages":[],"meta":{}},{"ancestorTitles":["DocumentList"],"fullName":"DocumentList shows empty state when no documents","status":"passed","title":"shows empty state when no documents","duration":34.01312500000017,"failureMessages":[],"meta":{}},{"ancestorTitles":["DocumentList"],"fullName":"DocumentList renders document table when data exists","status":"passed","title":"renders document table when data exists","duration":29.833500000000186,"failureMessages":[],"meta":{}},{"ancestorTitles":["DocumentList"],"fullName":"DocumentList shows error state on fetch failure","status":"passed","title":"shows error state on fetch failure","duration":19.846000000000004,"failureMessages":[],"meta":{}}],"startTime":1772897537089,"endTime":1772897537238.846,"status":"passed","message":"","name":"/Users/master/Documents/Outskill Projects/legal-aid-app/frontend/src/features/documents/components/DocumentList.test.tsx"},{"assertionResults":[{"ancestorTitles":["CaseForm"],"fullName":"CaseForm renders form fields","status":"passed","title":"renders form fields","duration":203.273459,"failureMessages":[],"meta":{}},{"ancestorTitles":["CaseForm"],"fullName":"CaseForm loads client dropdown","status":"passed","title":"loads client dropdown","duration":12.489000000000033,"failureMessages":[],"meta":{}},{"ancestorTitles":["CaseForm"],"fullName":"CaseForm shows validation errors for required fields","status":"passed","title":"shows validation errors for required fields","duration":56.68550000000005,"failureMessages":[],"meta":{}},{"ancestorTitles":["CaseForm"],"fullName":"CaseForm submits form with valid data","status":"passed","title":"submits form with valid data","duration":156.18250000000012,"failureMessages":[],"meta":{}}],"startTime":1772897537120,"endTime":1772897537548.1826,"status":"passed","message":"","name":"/Users/master/Documents/Outskill Projects/legal-aid-app/frontend/src/features/cases/components/CaseForm.test.tsx"},{"assertionResults":[{"ancestorTitles":["CaseList"],"fullName":"CaseList shows loading state initially","status":"passed","title":"shows loading state initially","duration":64.5875410000001,"failureMessages":[],"meta":{}},{"ancestorTitles":["CaseList"],"fullName":"CaseList renders heading and add button after loading","status":"passed","title":"renders heading and add button after loading","duration":37.91345799999999,"failureMessages":[],"meta":{}},{"ancestorTitles":["CaseList"],"fullName":"CaseList shows empty state when no cases","status":"passed","title":"shows empty state when no cases","duration":13.303957999999966,"failureMessages":[],"meta":{}},{"ancestorTitles":["CaseList"],"fullName":"CaseList renders case cards when data exists","status":"passed","title":"renders case cards when data exists","duration":25.08916700000009,"failureMessages":[],"meta":{}},{"ancestorTitles":["CaseList"],"fullName":"CaseList shows error state on fetch failure","status":"passed","title":"shows error state on fetch failure","duration":12.859042000000045,"failureMessages":[],"meta":{}}],"startTime":1772897537089,"endTime":1772897537242.8591,"status":"passed","message":"","name":"/Users/master/Documents/Outskill Projects/legal-aid-app/frontend/src/features/cases/components/CaseList.test.tsx"},{"assertionResults":[{"ancestorTitles":["ClientForm"],"fullName":"ClientForm renders form fields","status":"passed","title":"renders form fields","duration":203.26583299999993,"failureMessages":[],"meta":{}},{"ancestorTitles":["ClientForm"],"fullName":"ClientForm shows validation errors for required fields","status":"passed","title":"shows validation errors for required fields","duration":51.313457999999855,"failureMessages":[],"meta":{}},{"ancestorTitles":["ClientForm"],"fullName":"ClientForm submits form with valid data","status":"passed","title":"submits form with valid data","duration":139.39362500000016,"failureMessages":[],"meta":{}}],"startTime":1772897537119,"endTime":1772897537513.3936,"status":"passed","message":"","name":"/Users/master/Documents/Outskill Projects/legal-aid-app/frontend/src/features/clients/components/ClientForm.test.tsx"},{"assertionResults":[{"ancestorTitles":["ClientList"],"fullName":"ClientList shows loading state initially","status":"passed","title":"shows loading state initially","duration":60.87995799999999,"failureMessages":[],"meta":{}},{"ancestorTitles":["ClientList"],"fullName":"ClientList renders heading and add button after loading","status":"passed","title":"renders heading and add button after loading","duration":26.442000000000007,"failureMessages":[],"meta":{}},{"ancestorTitles":["ClientList"],"fullName":"ClientList shows empty state when no clients","status":"passed","title":"shows empty state when no clients","duration":16.35412499999984,"failureMessages":[],"meta":{}},{"ancestorTitles":["ClientList"],"fullName":"ClientList renders client cards when data exists","status":"passed","title":"renders client cards when data exists","duration":11.553875000000062,"failureMessages":[],"meta":{}},{"ancestorTitles":["ClientList"],"fullName":"ClientList shows error state on fetch failure","status":"passed","title":"shows error state on fetch failure","duration":9.303249999999935,"failureMessages":[],"meta":{}}],"startTime":1772897537089,"endTime":1772897537214.3032,"status":"passed","message":"","name":"/Users/master/Documents/Outskill Projects/legal-aid-app/frontend/src/features/clients/components/ClientList.test.tsx"}]}